<?xml version="1.0" encoding="UTF-8"?>
<!-- Generated by org.testng.reporters.JUnitXMLReporter -->
<testsuite ignored="0" hostname="DESKTOP-JFS04QR" failures="1" tests="1" name="verify messages get" time="0.068" errors="0" timestamp="2022-06-23T14:55:41 IST">
  <testcase classname="io.unity.framework.init.base" name="@AfterMethod tear_down" time="0.003">
    <failure type="java.lang.NullPointerException" message="Cannot invoke &amp;quot;org.openqa.selenium.WebDriver.quit()&amp;quot; because &amp;quot;this.driver&amp;quot; is null">
      <![CDATA[java.lang.NullPointerException: Cannot invoke "org.openqa.selenium.WebDriver.quit()" because "this.driver" is null
at io.unity.framework.init.base.tear_down(base.java:213)
at java.base/java.util.ArrayList.forEach(ArrayList.java:1511)
at io.unity.framework.runner.TestRunner.start(TestRunner.java:71)
at Runner.Runner.main(Runner.java:11)
... Removed 27 stack frames]]>
    </failure>
  </testcase> <!-- @AfterMethod tear_down -->
  <testcase classname="api.test.HealthCheckTest" name="verify_messages_get" time="0.009">
    <failure type="org.json.JSONException" message="A JSONObject text must begin with &amp;apos;{&amp;apos; at 0 [character 1 line 1]">
      <![CDATA[org.json.JSONException: A JSONObject text must begin with '{' at 0 [character 1 line 1]
at org.json.JSONTokener.syntaxError(JSONTokener.java:507)
at org.json.JSONObject.<init>(JSONObject.java:222)
at org.json.JSONObject.<init>(JSONObject.java:406)
at io.unity.framework.readers.GetApiConfig.getApiConfig(GetApiConfig.java:29)
at io.unity.framework.readers.GetApiConfig.getHeaderMap(GetApiConfig.java:50)
at io.unity.performaction.autoapi.RequestBuilder.performRequest(RequestBuilder.java:30)
at api.test.HealthCheckTest.verify_messages_get(HealthCheckTest.java:21)
at java.base/java.util.ArrayList.forEach(ArrayList.java:1511)
at io.unity.framework.runner.TestRunner.start(TestRunner.java:71)
at Runner.Runner.main(Runner.java:11)
... Removed 22 stack frames]]>
    </failure>
  </testcase> <!-- verify_messages_get -->
</testsuite> <!-- verify messages get -->
