<?xml version="1.0" encoding="UTF-8"?>
<!-- Generated by org.testng.reporters.JUnitXMLReporter -->
<testsuite ignored="6" hostname="DESKTOP-JFS04QR" failures="0" tests="1" name="verify with invalid password" time="0.326" errors="0" timestamp="2022-06-23T19:00:16 IST">
  <testcase classname="io.unity.framework.init.base" name="@AfterMethod tear_down" time="0.0">
    <failure type="java.lang.NullPointerException" message="Cannot invoke &amp;quot;org.openqa.selenium.WebDriver.quit()&amp;quot; because &amp;quot;this.driver&amp;quot; is null">
      <![CDATA[java.lang.NullPointerException: Cannot invoke "org.openqa.selenium.WebDriver.quit()" because "this.driver" is null
at io.unity.framework.init.base.tear_down(base.java:213)
at java.base/java.util.ArrayList.forEach(ArrayList.java:1511)
at io.unity.framework.runner.TestRunner.start(TestRunner.java:71)
at Runner.Runner.main(Runner.java:10)
... Removed 27 stack frames]]>
    </failure>
  </testcase> <!-- @AfterMethod tear_down -->
  <testcase classname="api.test.SignUpTest" name="verify_with_invalid_password" time="0.322"/>
  <testcase classname="api.test.SignUpTest" name="verify_with_invalid_email" time="0.0">
    <ignored/>
  </testcase> <!-- verify_with_invalid_email -->
  <testcase classname="api.test.SignUpTest" name="verify_with_same_credentials" time="0.0">
    <ignored/>
  </testcase> <!-- verify_with_same_credentials -->
  <testcase classname="api.test.SignUpTest" name="verify_with_blank_email" time="0.0">
    <ignored/>
  </testcase> <!-- verify_with_blank_email -->
  <testcase classname="api.test.SignUpTest" name="verify_with_valid_credentials" time="0.0">
    <ignored/>
  </testcase> <!-- verify_with_valid_credentials -->
  <testcase classname="api.test.SignUpTest" name="verify_with_blank_password" time="0.0">
    <ignored/>
  </testcase> <!-- verify_with_blank_password -->
  <testcase classname="api.test.SignUpTest" name="verify_with_blank_timezone" time="0.0">
    <ignored/>
  </testcase> <!-- verify_with_blank_timezone -->
</testsuite> <!-- verify with invalid password -->
