<?xml version="1.0" encoding="UTF-8"?>
<!-- Generated by org.testng.reporters.JUnitXMLReporter -->
<testsuite ignored="0" hostname="DESKTOP-JFS04QR" failures="0" tests="1" name="verify signup with valid email password" time="0.489" errors="0" timestamp="2022-06-24T18:16:57 IST">
  <testcase classname="io.unity.framework.init.base" name="@BeforeMethod init" time="0.455">
    <failure type="java.lang.NoSuchMethodError" message="&amp;apos;com.google.common.collect.ImmutableMap com.google.common.collect.ImmutableMap.of(java.lang.Object, java.lang.Object, java.lang.Object, java.lang.Object, java.lang.Object, java.lang.Object, java.lang.Object, java.lang.Object, java.lang.Object, java.lang.Object, java.lang.Object, java.lang.Object)&amp;apos;">
      <![CDATA[java.lang.NoSuchMethodError: 'com.google.common.collect.ImmutableMap com.google.common.collect.ImmutableMap.of(java.lang.Object, java.lang.Object, java.lang.Object, java.lang.Object, java.lang.Object, java.lang.Object, java.lang.Object, java.lang.Object, java.lang.Object, java.lang.Object, java.lang.Object, java.lang.Object)'
at org.openqa.selenium.chrome.AddHasCasting.getAdditionalCommands(AddHasCasting.java:38)
at org.openqa.selenium.chrome.ChromeDriver$ChromeDriverCommandExecutor.getExtraCommands(ChromeDriver.java:123)
at org.openqa.selenium.chrome.ChromeDriver$ChromeDriverCommandExecutor.<init>(ChromeDriver.java:118)
at org.openqa.selenium.chrome.ChromeDriver.<init>(ChromeDriver.java:106)
at org.openqa.selenium.chrome.ChromeDriver.<init>(ChromeDriver.java:93)
at org.openqa.selenium.chrome.ChromeDriver.<init>(ChromeDriver.java:48)
at io.unity.framework.init.base.setup_browser(base.java:99)
at io.unity.framework.init.base.init(base.java:64)
at java.base/java.util.ArrayList.forEach(ArrayList.java:1511)
at io.unity.framework.runner.TestRunner.start(TestRunner.java:71)
at Runner.Runner.main(Runner.java:10)
... Removed 26 stack frames]]>
    </failure>
  </testcase> <!-- @BeforeMethod init -->
  <testcase classname="io.unity.framework.init.base" name="@AfterMethod tear_down" time="-1.656074817514E9">
    <skipped/>
  </testcase> <!-- @AfterMethod tear_down -->
  <testcase classname="web.tests.signup.SignUpTest" name="verify_signup_with_valid_email_password" time="0.0">
    <skipped/>
  </testcase> <!-- verify_signup_with_valid_email_password -->
</testsuite> <!-- verify signup with valid email password -->
