<?xml version="1.0" encoding="UTF-8"?>
<testng-results ignored="0" total="1" passed="1" failed="0" skipped="0">
  <reporter-output>
    <line>
      <![CDATA[Step : Click on preferably_your_work_email_text_box<br>]]>
    </line>
    <line>
      <![CDATA[Step : Enter text qabletest+525@gmail.com at locator preferably_your_work_email_text_box<br>]]>
    </line>
    <line>
      <![CDATA[Step : Enter text QAble@1010 at locator a_secure_one_please_password<br>]]>
    </line>
    <line>
      <![CDATA[Step : Click on sign_up_button<br>]]>
    </line>
    <line>
      <![CDATA[Step : verify element a_quick_verification_text text is equal A quick verification<br>]]>
    </line>
    <line>
      <![CDATA[<h1 style="color:green;font-size:15px;">Test Passed</h1> ]]>
    </line>
    <line>
      <![CDATA[Step : Click on gmailt<br>]]>
    </line>
    <line>
      <![CDATA[Step : clear value from gmailt text fields and enter text qabletest@gmail.com<br>]]>
    </line>
    <line>
      <![CDATA[Step : Click on gmail_next<br>]]>
    </line>
    <line>
      <![CDATA[Step : Click on gmail_password<br>]]>
    </line>
    <line>
      <![CDATA[Step : clear value from gmail_password text fields and enter text QAble@1010<br>]]>
    </line>
    <line>
      <![CDATA[Step : Click on gmail_password_next<br>]]>
    </line>
    <line>
      <![CDATA[Step : Click on verify_button<br>]]>
    </line>
    <line>
      <![CDATA[Step : Enter text test 1 at locator first_name_text_box<br>]]>
    </line>
    <line>
      <![CDATA[Step : Enter text test 3 at locator last_name_text_box<br>]]>
    </line>
    <line>
      <![CDATA[Step : Click on select_people<br>]]>
    </line>
    <line>
      <![CDATA[Step : Click on select_people_dropdown<br>]]>
    </line>
    <line>
      <![CDATA[Step : Click on select_industry<br>]]>
    </line>
    <line>
      <![CDATA[Step : Click on select_industry_dropdown<br>]]>
    </line>
    <line>
      <![CDATA[Step : Click on saleshandy_name<br>]]>
    </line>
    <line>
      <![CDATA[Step : Click on continue_signup<br>]]>
    </line>
    <line>
      <![CDATA[Step : verify onboard_page is displayed<br>]]>
    </line>
    <line>
      <![CDATA[<h1 style="color:green;font-size:15px;">Test Passed</h1> ]]>
    </line>
    <line>
      <![CDATA[Step : Click on onboard_gmail<br>]]>
    </line>
    <line>
      <![CDATA[Step : verify gmail_verify is displayed<br>]]>
    </line>
    <line>
      <![CDATA[<h1 style="color:green;font-size:15px;">Test Passed</h1> ]]>
    </line>
    <line>
      <![CDATA[Step : Click on gmail_verify<br>]]>
    </line>
    <line>
      <![CDATA[Step : Click on gmail_verify_allow<br>]]>
    </line>
    <line>
      <![CDATA[Step : verify setting_menu is displayed<br>]]>
    </line>
    <line>
      <![CDATA[<h1 style="color:green;font-size:15px;">Test Passed</h1> ]]>
    </line>
    <line>
      <![CDATA[Step : Click on close_video<br>]]>
    </line>
    <line>
      <![CDATA[Step : Click on close_startted_get<br>]]>
    </line>
    <line>
      <![CDATA[Step : Click on close_comment<br>]]>
    </line>
    <line>
      <![CDATA[Step : Click on click_on_schedule<br>]]>
    </line>
    <line>
      <![CDATA[Step : Click on add_new_schedule<br>]]>
    </line>
    <line>
      <![CDATA[Step : Click on schedule_save<br>]]>
    </line>
    <line>
      <![CDATA[Step : Click on enter_schedule_name<br>]]>
    </line>
    <line>
      <![CDATA[Step : clear value from enter_schedule_name text fields<br>]]>
    </line>
    <line>
      <![CDATA[Step : clear value from enter_schedule_name text fields and enter text Test 772<br>]]>
    </line>
    <line>
      <![CDATA[Step : Click on select_time_zone<br>]]>
    </line>
    <line>
      <![CDATA[Step : Click on change_time_zone<br>]]>
    </line>
    <line>
      <![CDATA[Step : Click on monday_time_1<br>]]>
    </line>
    <line>
      <![CDATA[Step : Enter text 09 at locator monday_time_1<br>]]>
    </line>
    <line>
      <![CDATA[Step : Enter text 00 at locator monday_time_1_2<br>]]>
    </line>
    <line>
      <![CDATA[Step : Enter text 10 at locator monday_time_1_3<br>]]>
    </line>
    <line>
      <![CDATA[Step : Enter text 00 at locator monday_time_1_4<br>]]>
    </line>
    <line>
      <![CDATA[Step : Click on monday_time_1_2<br>]]>
    </line>
    <line>
      <![CDATA[Step : Enter text 10 at locator monday_time_1_2<br>]]>
    </line>
    <line>
      <![CDATA[Step : Click on monday_add_1<br>]]>
    </line>
    <line>
      <![CDATA[Step : Click on monday_time_2<br>]]>
    </line>
    <line>
      <![CDATA[Step : Enter text 11 at locator monday_time_2<br>]]>
    </line>
    <line>
      <![CDATA[Step : Click on monday_time_2_1<br>]]>
    </line>
    <line>
      <![CDATA[Step : Enter text 00 at locator monday_time_2_1<br>]]>
    </line>
    <line>
      <![CDATA[Step : Click on monday_time_2_2<br>]]>
    </line>
    <line>
      <![CDATA[Step : Enter text 12 at locator monday_time_2_2<br>]]>
    </line>
    <line>
      <![CDATA[Step : Click on monday_time_2_3<br>]]>
    </line>
    <line>
      <![CDATA[Step : Enter text 00 at locator monday_time_2_3<br>]]>
    </line>
    <line>
      <![CDATA[Step : Click on thursday_time_1<br>]]>
    </line>
    <line>
      <![CDATA[Step : Enter text 09 at locator thursday_time_1<br>]]>
    </line>
    <line>
      <![CDATA[Step : Enter text 00 at locator thursday_time_1_2<br>]]>
    </line>
    <line>
      <![CDATA[Step : Enter text 10 at locator thursday_time_1_3<br>]]>
    </line>
    <line>
      <![CDATA[Step : Enter text 00 at locator thursday_time_1_4<br>]]>
    </line>
    <line>
      <![CDATA[Step : Click on wednesday_time_1<br>]]>
    </line>
    <line>
      <![CDATA[Step : Enter text 09 at locator wednesday_time_1<br>]]>
    </line>
    <line>
      <![CDATA[Step : Enter text 00 at locator wednesday_time_1_2<br>]]>
    </line>
    <line>
      <![CDATA[Step : Enter text 10 at locator wednesday_time_1_3<br>]]>
    </line>
    <line>
      <![CDATA[Step : Enter text 00 at locator wednesday_time_1_4<br>]]>
    </line>
    <line>
      <![CDATA[Step : Click on tuesday_time_1<br>]]>
    </line>
    <line>
      <![CDATA[Step : Enter text 09 at locator tuesday_time_1<br>]]>
    </line>
    <line>
      <![CDATA[Step : Enter text 00 at locator tuesday_time_1_2<br>]]>
    </line>
    <line>
      <![CDATA[Step : Enter text 10 at locator tuesday_time_1_3<br>]]>
    </line>
    <line>
      <![CDATA[Step : Enter text 00 at locator tuesday_time_1_4<br>]]>
    </line>
    <line>
      <![CDATA[Step : Click on friday_time_1<br>]]>
    </line>
    <line>
      <![CDATA[Step : Enter text 09 at locator friday_time_1<br>]]>
    </line>
    <line>
      <![CDATA[Step : Enter text 00 at locator friday_time_1_2<br>]]>
    </line>
    <line>
      <![CDATA[Step : Enter text 10 at locator friday_time_1_3<br>]]>
    </line>
    <line>
      <![CDATA[Step : Enter text 00 at locator friday_time_1_4<br>]]>
    </line>
    <line>
      <![CDATA[Step : Click on saturday_add_1<br>]]>
    </line>
    <line>
      <![CDATA[Step : Click on saturday_time_1<br>]]>
    </line>
    <line>
      <![CDATA[Step : Enter text 09 at locator saturday_time_1<br>]]>
    </line>
    <line>
      <![CDATA[Step : Enter text 00 at locator saturday_time_1_2<br>]]>
    </line>
    <line>
      <![CDATA[Step : Enter text 10 at locator saturday_time_2<br>]]>
    </line>
    <line>
      <![CDATA[Step : Enter text 00 at locator saturday_time_2_1<br>]]>
    </line>
    <line>
      <![CDATA[Step : Click on sunday_add_1<br>]]>
    </line>
    <line>
      <![CDATA[Step : Click on sunday_time_1<br>]]>
    </line>
    <line>
      <![CDATA[Step : Enter text 09 at locator sunday_time_1<br>]]>
    </line>
    <line>
      <![CDATA[Step : Enter text 00 at locator sunday_time_1_2<br>]]>
    </line>
    <line>
      <![CDATA[Step : Enter text 10 at locator sunday_time_2<br>]]>
    </line>
    <line>
      <![CDATA[Step : Enter text 00 at locator sunday_time_2_1<br>]]>
    </line>
    <line>
      <![CDATA[Step : Click on schedule_save<br>]]>
    </line>
  </reporter-output>
  <suite started-at="2022-06-28T23:45:33 IST" name="web test signup" finished-at="2022-06-28T23:49:56 IST" duration-ms="262718">
    <groups>
    </groups>
    <test started-at="2022-06-28T23:45:33 IST" name="verify signup with valid email password" finished-at="2022-06-28T23:49:56 IST" duration-ms="262718">
      <class name="web.tests.SignUpTest">
        <test-method is-config="true" signature="init()[pri:0, instance:web.tests.SignUpTest@bef2d72]" started-at="2022-06-28T23:45:33 IST" name="init" finished-at="2022-06-28T23:45:43 IST" duration-ms="9387" status="PASS">
          <reporter-output>
          </reporter-output>
        </test-method> <!-- init -->
        <test-method signature="verify_signup_with_valid_email_password()[pri:0, instance:web.tests.SignUpTest@bef2d72]" started-at="2022-06-28T23:45:43 IST" name="verify_signup_with_valid_email_password" finished-at="2022-06-28T23:49:56 IST" duration-ms="252936" status="PASS">
          <reporter-output>
            <line>
              <![CDATA[Step : Click on preferably_your_work_email_text_box<br>]]>
            </line>
            <line>
              <![CDATA[Step : Enter text qabletest+525@gmail.com at locator preferably_your_work_email_text_box<br>]]>
            </line>
            <line>
              <![CDATA[Step : Enter text QAble@1010 at locator a_secure_one_please_password<br>]]>
            </line>
            <line>
              <![CDATA[Step : Click on sign_up_button<br>]]>
            </line>
            <line>
              <![CDATA[Step : verify element a_quick_verification_text text is equal A quick verification<br>]]>
            </line>
            <line>
              <![CDATA[<h1 style="color:green;font-size:15px;">Test Passed</h1> ]]>
            </line>
            <line>
              <![CDATA[Step : Click on gmailt<br>]]>
            </line>
            <line>
              <![CDATA[Step : clear value from gmailt text fields and enter text qabletest@gmail.com<br>]]>
            </line>
            <line>
              <![CDATA[Step : Click on gmail_next<br>]]>
            </line>
            <line>
              <![CDATA[Step : Click on gmail_password<br>]]>
            </line>
            <line>
              <![CDATA[Step : clear value from gmail_password text fields and enter text QAble@1010<br>]]>
            </line>
            <line>
              <![CDATA[Step : Click on gmail_password_next<br>]]>
            </line>
            <line>
              <![CDATA[Step : Click on verify_button<br>]]>
            </line>
            <line>
              <![CDATA[Step : Enter text test 1 at locator first_name_text_box<br>]]>
            </line>
            <line>
              <![CDATA[Step : Enter text test 3 at locator last_name_text_box<br>]]>
            </line>
            <line>
              <![CDATA[Step : Click on select_people<br>]]>
            </line>
            <line>
              <![CDATA[Step : Click on select_people_dropdown<br>]]>
            </line>
            <line>
              <![CDATA[Step : Click on select_industry<br>]]>
            </line>
            <line>
              <![CDATA[Step : Click on select_industry_dropdown<br>]]>
            </line>
            <line>
              <![CDATA[Step : Click on saleshandy_name<br>]]>
            </line>
            <line>
              <![CDATA[Step : Click on continue_signup<br>]]>
            </line>
            <line>
              <![CDATA[Step : verify onboard_page is displayed<br>]]>
            </line>
            <line>
              <![CDATA[<h1 style="color:green;font-size:15px;">Test Passed</h1> ]]>
            </line>
            <line>
              <![CDATA[Step : Click on onboard_gmail<br>]]>
            </line>
            <line>
              <![CDATA[Step : verify gmail_verify is displayed<br>]]>
            </line>
            <line>
              <![CDATA[<h1 style="color:green;font-size:15px;">Test Passed</h1> ]]>
            </line>
            <line>
              <![CDATA[Step : Click on gmail_verify<br>]]>
            </line>
            <line>
              <![CDATA[Step : Click on gmail_verify_allow<br>]]>
            </line>
            <line>
              <![CDATA[Step : verify setting_menu is displayed<br>]]>
            </line>
            <line>
              <![CDATA[<h1 style="color:green;font-size:15px;">Test Passed</h1> ]]>
            </line>
            <line>
              <![CDATA[Step : Click on close_video<br>]]>
            </line>
            <line>
              <![CDATA[Step : Click on close_startted_get<br>]]>
            </line>
            <line>
              <![CDATA[Step : Click on close_comment<br>]]>
            </line>
            <line>
              <![CDATA[Step : Click on click_on_schedule<br>]]>
            </line>
            <line>
              <![CDATA[Step : Click on add_new_schedule<br>]]>
            </line>
            <line>
              <![CDATA[Step : Click on schedule_save<br>]]>
            </line>
            <line>
              <![CDATA[Step : Click on enter_schedule_name<br>]]>
            </line>
            <line>
              <![CDATA[Step : clear value from enter_schedule_name text fields<br>]]>
            </line>
            <line>
              <![CDATA[Step : clear value from enter_schedule_name text fields and enter text Test 772<br>]]>
            </line>
            <line>
              <![CDATA[Step : Click on select_time_zone<br>]]>
            </line>
            <line>
              <![CDATA[Step : Click on change_time_zone<br>]]>
            </line>
            <line>
              <![CDATA[Step : Click on monday_time_1<br>]]>
            </line>
            <line>
              <![CDATA[Step : Enter text 09 at locator monday_time_1<br>]]>
            </line>
            <line>
              <![CDATA[Step : Enter text 00 at locator monday_time_1_2<br>]]>
            </line>
            <line>
              <![CDATA[Step : Enter text 10 at locator monday_time_1_3<br>]]>
            </line>
            <line>
              <![CDATA[Step : Enter text 00 at locator monday_time_1_4<br>]]>
            </line>
            <line>
              <![CDATA[Step : Click on monday_time_1_2<br>]]>
            </line>
            <line>
              <![CDATA[Step : Enter text 10 at locator monday_time_1_2<br>]]>
            </line>
            <line>
              <![CDATA[Step : Click on monday_add_1<br>]]>
            </line>
            <line>
              <![CDATA[Step : Click on monday_time_2<br>]]>
            </line>
            <line>
              <![CDATA[Step : Enter text 11 at locator monday_time_2<br>]]>
            </line>
            <line>
              <![CDATA[Step : Click on monday_time_2_1<br>]]>
            </line>
            <line>
              <![CDATA[Step : Enter text 00 at locator monday_time_2_1<br>]]>
            </line>
            <line>
              <![CDATA[Step : Click on monday_time_2_2<br>]]>
            </line>
            <line>
              <![CDATA[Step : Enter text 12 at locator monday_time_2_2<br>]]>
            </line>
            <line>
              <![CDATA[Step : Click on monday_time_2_3<br>]]>
            </line>
            <line>
              <![CDATA[Step : Enter text 00 at locator monday_time_2_3<br>]]>
            </line>
            <line>
              <![CDATA[Step : Click on thursday_time_1<br>]]>
            </line>
            <line>
              <![CDATA[Step : Enter text 09 at locator thursday_time_1<br>]]>
            </line>
            <line>
              <![CDATA[Step : Enter text 00 at locator thursday_time_1_2<br>]]>
            </line>
            <line>
              <![CDATA[Step : Enter text 10 at locator thursday_time_1_3<br>]]>
            </line>
            <line>
              <![CDATA[Step : Enter text 00 at locator thursday_time_1_4<br>]]>
            </line>
            <line>
              <![CDATA[Step : Click on wednesday_time_1<br>]]>
            </line>
            <line>
              <![CDATA[Step : Enter text 09 at locator wednesday_time_1<br>]]>
            </line>
            <line>
              <![CDATA[Step : Enter text 00 at locator wednesday_time_1_2<br>]]>
            </line>
            <line>
              <![CDATA[Step : Enter text 10 at locator wednesday_time_1_3<br>]]>
            </line>
            <line>
              <![CDATA[Step : Enter text 00 at locator wednesday_time_1_4<br>]]>
            </line>
            <line>
              <![CDATA[Step : Click on tuesday_time_1<br>]]>
            </line>
            <line>
              <![CDATA[Step : Enter text 09 at locator tuesday_time_1<br>]]>
            </line>
            <line>
              <![CDATA[Step : Enter text 00 at locator tuesday_time_1_2<br>]]>
            </line>
            <line>
              <![CDATA[Step : Enter text 10 at locator tuesday_time_1_3<br>]]>
            </line>
            <line>
              <![CDATA[Step : Enter text 00 at locator tuesday_time_1_4<br>]]>
            </line>
            <line>
              <![CDATA[Step : Click on friday_time_1<br>]]>
            </line>
            <line>
              <![CDATA[Step : Enter text 09 at locator friday_time_1<br>]]>
            </line>
            <line>
              <![CDATA[Step : Enter text 00 at locator friday_time_1_2<br>]]>
            </line>
            <line>
              <![CDATA[Step : Enter text 10 at locator friday_time_1_3<br>]]>
            </line>
            <line>
              <![CDATA[Step : Enter text 00 at locator friday_time_1_4<br>]]>
            </line>
            <line>
              <![CDATA[Step : Click on saturday_add_1<br>]]>
            </line>
            <line>
              <![CDATA[Step : Click on saturday_time_1<br>]]>
            </line>
            <line>
              <![CDATA[Step : Enter text 09 at locator saturday_time_1<br>]]>
            </line>
            <line>
              <![CDATA[Step : Enter text 00 at locator saturday_time_1_2<br>]]>
            </line>
            <line>
              <![CDATA[Step : Enter text 10 at locator saturday_time_2<br>]]>
            </line>
            <line>
              <![CDATA[Step : Enter text 00 at locator saturday_time_2_1<br>]]>
            </line>
            <line>
              <![CDATA[Step : Click on sunday_add_1<br>]]>
            </line>
            <line>
              <![CDATA[Step : Click on sunday_time_1<br>]]>
            </line>
            <line>
              <![CDATA[Step : Enter text 09 at locator sunday_time_1<br>]]>
            </line>
            <line>
              <![CDATA[Step : Enter text 00 at locator sunday_time_1_2<br>]]>
            </line>
            <line>
              <![CDATA[Step : Enter text 10 at locator sunday_time_2<br>]]>
            </line>
            <line>
              <![CDATA[Step : Enter text 00 at locator sunday_time_2_1<br>]]>
            </line>
            <line>
              <![CDATA[Step : Click on schedule_save<br>]]>
            </line>
          </reporter-output>
        </test-method> <!-- verify_signup_with_valid_email_password -->
        <test-method is-config="true" signature="tear_down(org.testng.ITestResult)[pri:0, instance:web.tests.SignUpTest@bef2d72]" started-at="2022-06-28T23:49:56 IST" name="tear_down" finished-at="2022-06-28T23:49:56 IST" duration-ms="332" status="PASS">
          <params>
            <param index="0">
              <value>
                <![CDATA[[TestResult name=verify_signup_with_valid_email_password status=SUCCESS method=SignUpTest.verify_signup_with_valid_email_password()[pri:0, instance:web.tests.SignUpTest@bef2d72] output=Step : Click on preferably_your_work_email_text_box<br>]]]>
              </value>
            </param>
          </params>
          <reporter-output>
          </reporter-output>
        </test-method> <!-- tear_down -->
      </class> <!-- web.tests.SignUpTest -->
    </test> <!-- verify signup with valid email password -->
  </suite> <!-- web test signup -->
</testng-results>
