<?xml version="1.0" encoding="UTF-8"?>
<testng-results ignored="0" total="1" passed="1" failed="0" skipped="0">
  <reporter-output>
    <line>
      <![CDATA[Step : Click on preferably_your_work_email_text_box<br>]]>
    </line>
    <line>
      <![CDATA[Step : Enter text qabletest@gmail.com at locator preferably_your_work_email_text_box<br>]]>
    </line>
    <line>
      <![CDATA[Step : Enter text QAble@1010 at locator a_secure_one_please_password<br>]]>
    </line>
    <line>
      <![CDATA[Step : Click on sign_up_button<br>]]>
    </line>
    <line>
      <![CDATA[Step : verify element a_quick_verification_text text is equal A quick verification<br>]]>
    </line>
    <line>
      <![CDATA[<h1 style="color:green;font-size:15px;">Test Passed</h1> ]]>
    </line>
  </reporter-output>
  <suite started-at="2022-06-24T15:29:57 IST" name="web test signup" finished-at="2022-06-24T15:30:35 IST" duration-ms="37476">
    <groups>
    </groups>
    <test started-at="2022-06-24T15:29:57 IST" name="verify signup with valid email password" finished-at="2022-06-24T15:30:35 IST" duration-ms="37476">
      <class name="web.tests.signup.SignUpTest">
        <test-method is-config="true" signature="init()[pri:0, instance:web.tests.signup.SignUpTest@78b66d36]" started-at="2022-06-24T15:29:57 IST" name="init" finished-at="2022-06-24T15:30:05 IST" duration-ms="7398" status="PASS">
          <reporter-output>
          </reporter-output>
        </test-method> <!-- init -->
        <test-method signature="verify_signup_with_valid_email_password()[pri:0, instance:web.tests.signup.SignUpTest@78b66d36]" started-at="2022-06-24T15:30:05 IST" name="verify_signup_with_valid_email_password" finished-at="2022-06-24T15:30:35 IST" duration-ms="29753" status="PASS">
          <reporter-output>
            <line>
              <![CDATA[Step : Click on preferably_your_work_email_text_box<br>]]>
            </line>
            <line>
              <![CDATA[Step : Enter text qabletest@gmail.com at locator preferably_your_work_email_text_box<br>]]>
            </line>
            <line>
              <![CDATA[Step : Enter text QAble@1010 at locator a_secure_one_please_password<br>]]>
            </line>
            <line>
              <![CDATA[Step : Click on sign_up_button<br>]]>
            </line>
            <line>
              <![CDATA[Step : verify element a_quick_verification_text text is equal A quick verification<br>]]>
            </line>
            <line>
              <![CDATA[<h1 style="color:green;font-size:15px;">Test Passed</h1> ]]>
            </line>
          </reporter-output>
        </test-method> <!-- verify_signup_with_valid_email_password -->
        <test-method is-config="true" signature="tear_down(org.testng.ITestResult)[pri:0, instance:web.tests.signup.SignUpTest@78b66d36]" started-at="2022-06-24T15:30:35 IST" name="tear_down" finished-at="2022-06-24T15:30:35 IST" duration-ms="291" status="PASS">
          <params>
            <param index="0">
              <value>
                <![CDATA[[TestResult name=verify_signup_with_valid_email_password status=SUCCESS method=SignUpTest.verify_signup_with_valid_email_password()[pri:0, instance:web.tests.signup.SignUpTest@78b66d36] output=Step : Click on preferably_your_work_email_text_box<br>]]]>
              </value>
            </param>
          </params>
          <reporter-output>
          </reporter-output>
        </test-method> <!-- tear_down -->
      </class> <!-- web.tests.signup.SignUpTest -->
    </test> <!-- verify signup with valid email password -->
  </suite> <!-- web test signup -->
</testng-results>
